2025-03-18T00:01:23.055+05:30  WARN 14184 --- [AddressBookManagmentApp] [http-nio-8080-exec-9] .w.s.m.s.DefaultHandlerExceptionResolver : Resolved [org.springframework.web.bind.MethodArgumentNotValidException: Validation failed for argument [0] in public org.springframework.http.ResponseEntity<com.bridgelabz.addressbookmanagmentapp.DTO.ResponseDTO> com.bridgelabz.addressbookmanagmentapp.controller.AuthUserController.register(com.bridgelabz.addressbookmanagmentapp.DTO.AuthUserDTO) throws java.lang.Exception: [Field error in object 'authUserDTO' on field 'firstName': rejected value [Test5]; codes [Pattern.authUserDTO.firstName,Pattern.firstName,Pattern.java.lang.String,Pattern]; arguments [org.springframework.context.support.DefaultMessageSourceResolvable: codes [authUserDTO.firstName,firstName]; arguments []; default message [firstName],[Ljakarta.validation.constraints.Pattern$Flag;@7613d963,^[A-Z][a-zA-Z]*$]; default message [First Name should always start with a capital letter and contain only letters]] ]
2025-03-18T00:01:29.849+05:30  WARN 14184 --- [AddressBookManagmentApp] [http-nio-8080-exec-10] .w.s.m.s.DefaultHandlerExceptionResolver : Resolved [org.springframework.web.bind.MethodArgumentNotValidException: Validation failed for argument [0] in public org.springframework.http.ResponseEntity<com.bridgelabz.addressbookmanagmentapp.DTO.ResponseDTO> com.bridgelabz.addressbookmanagmentapp.controller.AuthUserController.register(com.bridgelabz.addressbookmanagmentapp.DTO.AuthUserDTO) throws java.lang.Exception: [Field error in object 'authUserDTO' on field 'firstName': rejected value [Test5]; codes [Pattern.authUserDTO.firstName,Pattern.firstName,Pattern.java.lang.String,Pattern]; arguments [org.springframework.context.support.DefaultMessageSourceResolvable: codes [authUserDTO.firstName,firstName]; arguments []; default message [firstName],[Ljakarta.validation.constraints.Pattern$Flag;@7613d963,^[A-Z][a-zA-Z]*$]; default message [First Name should always start with a capital letter and contain only letters]] ]
2025-03-18T00:11:10.125+05:30  WARN 14184 --- [AddressBookManagmentApp] [http-nio-8080-exec-1] .w.s.m.s.DefaultHandlerExceptionResolver : Resolved [org.springframework.web.bind.MethodArgumentNotValidException: Validation failed for argument [0] in public org.springframework.http.ResponseEntity<com.bridgelabz.addressbookmanagmentapp.DTO.ResponseDTO> com.bridgelabz.addressbookmanagmentapp.controller.AuthUserController.register(com.bridgelabz.addressbookmanagmentapp.DTO.AuthUserDTO) throws java.lang.Exception: [Field error in object 'authUserDTO' on field 'firstName': rejected value [Test5]; codes [Pattern.authUserDTO.firstName,Pattern.firstName,Pattern.java.lang.String,Pattern]; arguments [org.springframework.context.support.DefaultMessageSourceResolvable: codes [authUserDTO.firstName,firstName]; arguments []; default message [firstName],[Ljakarta.validation.constraints.Pattern$Flag;@7613d963,^[A-Z][a-zA-Z]*$]; default message [First Name should always start with a capital letter and contain only letters]] ]
2025-03-18T00:11:18.074+05:30  WARN 14184 --- [AddressBookManagmentApp] [http-nio-8080-exec-4] .w.s.m.s.DefaultHandlerExceptionResolver : Resolved [org.springframework.web.bind.MethodArgumentNotValidException: Validation failed for argument [0] in public org.springframework.http.ResponseEntity<com.bridgelabz.addressbookmanagmentapp.DTO.ResponseDTO> com.bridgelabz.addressbookmanagmentapp.controller.AuthUserController.register(com.bridgelabz.addressbookmanagmentapp.DTO.AuthUserDTO) throws java.lang.Exception: [Field error in object 'authUserDTO' on field 'firstName': rejected value [Test5]; codes [Pattern.authUserDTO.firstName,Pattern.firstName,Pattern.java.lang.String,Pattern]; arguments [org.springframework.context.support.DefaultMessageSourceResolvable: codes [authUserDTO.firstName,firstName]; arguments []; default message [firstName],[Ljakarta.validation.constraints.Pattern$Flag;@7613d963,^[A-Z][a-zA-Z]*$]; default message [First Name should always start with a capital letter and contain only letters]] ]
2025-03-18T00:11:25.873+05:30  WARN 14184 --- [AddressBookManagmentApp] [http-nio-8080-exec-5] .w.s.m.s.DefaultHandlerExceptionResolver : Resolved [org.springframework.web.bind.MethodArgumentNotValidException: Validation failed for argument [0] in public org.springframework.http.ResponseEntity<com.bridgelabz.addressbookmanagmentapp.DTO.ResponseDTO> com.bridgelabz.addressbookmanagmentapp.controller.AuthUserController.register(com.bridgelabz.addressbookmanagmentapp.DTO.AuthUserDTO) throws java.lang.Exception: [Field error in object 'authUserDTO' on field 'firstName': rejected value [Test5]; codes [Pattern.authUserDTO.firstName,Pattern.firstName,Pattern.java.lang.String,Pattern]; arguments [org.springframework.context.support.DefaultMessageSourceResolvable: codes [authUserDTO.firstName,firstName]; arguments []; default message [firstName],[Ljakarta.validation.constraints.Pattern$Flag;@7613d963,^[A-Z][a-zA-Z]*$]; default message [First Name should always start with a capital letter and contain only letters]] ]
2025-03-18T00:11:31.590+05:30  WARN 14184 --- [AddressBookManagmentApp] [http-nio-8080-exec-6] .w.s.m.s.DefaultHandlerExceptionResolver : Resolved [org.springframework.web.bind.MethodArgumentNotValidException: Validation failed for argument [0] in public org.springframework.http.ResponseEntity<com.bridgelabz.addressbookmanagmentapp.DTO.ResponseDTO> com.bridgelabz.addressbookmanagmentapp.controller.AuthUserController.register(com.bridgelabz.addressbookmanagmentapp.DTO.AuthUserDTO) throws java.lang.Exception: [Field error in object 'authUserDTO' on field 'firstName': rejected value [Test5]; codes [Pattern.authUserDTO.firstName,Pattern.firstName,Pattern.java.lang.String,Pattern]; arguments [org.springframework.context.support.DefaultMessageSourceResolvable: codes [authUserDTO.firstName,firstName]; arguments []; default message [firstName],[Ljakarta.validation.constraints.Pattern$Flag;@7613d963,^[A-Z][a-zA-Z]*$]; default message [First Name should always start with a capital letter and contain only letters]] ]
2025-03-18T00:17:03.590+05:30  WARN 10328 --- [AddressBookManagmentApp] [main] org.hibernate.orm.deprecation            : HHH90000025: MySQL8Dialect does not need to be specified explicitly using 'hibernate.dialect' (remove the property setting and it will be selected by default)
2025-03-18T00:17:03.609+05:30  WARN 10328 --- [AddressBookManagmentApp] [main] org.hibernate.orm.deprecation            : HHH90000026: MySQL8Dialect has been deprecated; use org.hibernate.dialect.MySQLDialect instead
2025-03-18T00:17:09.117+05:30  WARN 10328 --- [AddressBookManagmentApp] [main] JpaBaseConfiguration$JpaWebConfiguration : spring.jpa.open-in-view is enabled by default. Therefore, database queries may be performed during view rendering. Explicitly configure spring.jpa.open-in-view to disable this warning
2025-03-18T00:20:18.487+05:30  WARN 10328 --- [AddressBookManagmentApp] [http-nio-8080-exec-1] .w.s.m.s.DefaultHandlerExceptionResolver : Resolved [org.springframework.web.bind.MethodArgumentNotValidException: Validation failed for argument [0] in public org.springframework.http.ResponseEntity<com.bridgelabz.addressbookmanagmentapp.DTO.ResponseDTO> com.bridgelabz.addressbookmanagmentapp.controller.AuthUserController.register(com.bridgelabz.addressbookmanagmentapp.DTO.AuthUserDTO) throws java.lang.Exception: [Field error in object 'authUserDTO' on field 'firstName': rejected value [Test5]; codes [Pattern.authUserDTO.firstName,Pattern.firstName,Pattern.java.lang.String,Pattern]; arguments [org.springframework.context.support.DefaultMessageSourceResolvable: codes [authUserDTO.firstName,firstName]; arguments []; default message [firstName],[Ljakarta.validation.constraints.Pattern$Flag;@282f9074,^[A-Z][a-zA-Z]*$]; default message [First Name should always start with a capital letter and contain only letters]] ]
2025-03-18T00:25:29.176+05:30  WARN 18652 --- [AddressBookManagmentApp] [main] org.hibernate.orm.deprecation            : HHH90000025: MySQL8Dialect does not need to be specified explicitly using 'hibernate.dialect' (remove the property setting and it will be selected by default)
2025-03-18T00:25:29.189+05:30  WARN 18652 --- [AddressBookManagmentApp] [main] org.hibernate.orm.deprecation            : HHH90000026: MySQL8Dialect has been deprecated; use org.hibernate.dialect.MySQLDialect instead
2025-03-18T00:25:34.701+05:30  WARN 18652 --- [AddressBookManagmentApp] [main] JpaBaseConfiguration$JpaWebConfiguration : spring.jpa.open-in-view is enabled by default. Therefore, database queries may be performed during view rendering. Explicitly configure spring.jpa.open-in-view to disable this warning
2025-03-18T00:27:04.308+05:30  WARN 18652 --- [AddressBookManagmentApp] [http-nio-8080-exec-5] .w.s.m.s.DefaultHandlerExceptionResolver : Resolved [org.springframework.web.bind.MethodArgumentNotValidException: Validation failed for argument [0] in public org.springframework.http.ResponseEntity<com.bridgelabz.addressbookmanagmentapp.DTO.ResponseDTO> com.bridgelabz.addressbookmanagmentapp.controller.AuthUserController.register(com.bridgelabz.addressbookmanagmentapp.DTO.AuthUserDTO) throws java.lang.Exception: [Field error in object 'authUserDTO' on field 'firstName': rejected value [Test5]; codes [Pattern.authUserDTO.firstName,Pattern.firstName,Pattern.java.lang.String,Pattern]; arguments [org.springframework.context.support.DefaultMessageSourceResolvable: codes [authUserDTO.firstName,firstName]; arguments []; default message [firstName],[Ljakarta.validation.constraints.Pattern$Flag;@5523a05b,^[A-Z][a-zA-Z]*$]; default message [First Name should always start with a capital letter and contain only letters]] ]
2025-03-18T00:33:23.563+05:30  WARN 16124 --- [AddressBookManagmentApp] [main] org.hibernate.orm.deprecation            : HHH90000025: MySQL8Dialect does not need to be specified explicitly using 'hibernate.dialect' (remove the property setting and it will be selected by default)
2025-03-18T00:33:23.568+05:30  WARN 16124 --- [AddressBookManagmentApp] [main] org.hibernate.orm.deprecation            : HHH90000026: MySQL8Dialect has been deprecated; use org.hibernate.dialect.MySQLDialect instead
2025-03-18T00:33:29.376+05:30  WARN 16124 --- [AddressBookManagmentApp] [main] JpaBaseConfiguration$JpaWebConfiguration : spring.jpa.open-in-view is enabled by default. Therefore, database queries may be performed during view rendering. Explicitly configure spring.jpa.open-in-view to disable this warning
2025-03-18T00:35:30.348+05:30  WARN 20320 --- [AddressBookManagmentApp] [main] org.hibernate.orm.deprecation            : HHH90000025: MySQL8Dialect does not need to be specified explicitly using 'hibernate.dialect' (remove the property setting and it will be selected by default)
2025-03-18T00:35:30.359+05:30  WARN 20320 --- [AddressBookManagmentApp] [main] org.hibernate.orm.deprecation            : HHH90000026: MySQL8Dialect has been deprecated; use org.hibernate.dialect.MySQLDialect instead
2025-03-18T00:35:33.739+05:30  WARN 20320 --- [AddressBookManagmentApp] [main] JpaBaseConfiguration$JpaWebConfiguration : spring.jpa.open-in-view is enabled by default. Therefore, database queries may be performed during view rendering. Explicitly configure spring.jpa.open-in-view to disable this warning
2025-03-18T00:35:58.323+05:30  WARN 20320 --- [AddressBookManagmentApp] [http-nio-8080-exec-2] .w.s.m.s.DefaultHandlerExceptionResolver : Resolved [org.springframework.web.bind.MethodArgumentNotValidException: Validation failed for argument [0] in public org.springframework.http.ResponseEntity<com.bridgelabz.addressbookmanagmentapp.DTO.ResponseDTO> com.bridgelabz.addressbookmanagmentapp.controller.AuthUserController.register(com.bridgelabz.addressbookmanagmentapp.DTO.AuthUserDTO) throws java.lang.Exception: [Field error in object 'authUserDTO' on field 'password': rejected value [blah6@123]; codes [Pattern.authUserDTO.password,Pattern.password,Pattern.java.lang.String,Pattern]; arguments [org.springframework.context.support.DefaultMessageSourceResolvable: codes [authUserDTO.password,password]; arguments []; default message [password],[Ljakarta.validation.constraints.Pattern$Flag;@119ea2be,^(?=.*[A-Z])(?=.*[a-z])(?=.*\d)(?=.*[@$!%*?&])[A-Za-z\d@$!%*?&]{8,}$]; default message [Password must be at least 8 characters long, contain an uppercase letter, a lowercase letter, a number, and a special character]] ]
2025-03-18T00:40:18.488+05:30  WARN 23968 --- [AddressBookManagmentApp] [main] org.hibernate.orm.deprecation            : HHH90000025: MySQL8Dialect does not need to be specified explicitly using 'hibernate.dialect' (remove the property setting and it will be selected by default)
2025-03-18T00:40:18.502+05:30  WARN 23968 --- [AddressBookManagmentApp] [main] org.hibernate.orm.deprecation            : HHH90000026: MySQL8Dialect has been deprecated; use org.hibernate.dialect.MySQLDialect instead
2025-03-18T00:40:23.889+05:30  WARN 23968 --- [AddressBookManagmentApp] [main] JpaBaseConfiguration$JpaWebConfiguration : spring.jpa.open-in-view is enabled by default. Therefore, database queries may be performed during view rendering. Explicitly configure spring.jpa.open-in-view to disable this warning
2025-03-18T01:51:45.254+05:30  WARN 29568 --- [AddressBookManagmentApp] [main] org.hibernate.orm.deprecation            : HHH90000025: MySQL8Dialect does not need to be specified explicitly using 'hibernate.dialect' (remove the property setting and it will be selected by default)
2025-03-18T01:51:45.271+05:30  WARN 29568 --- [AddressBookManagmentApp] [main] org.hibernate.orm.deprecation            : HHH90000026: MySQL8Dialect has been deprecated; use org.hibernate.dialect.MySQLDialect instead
2025-03-18T01:51:49.164+05:30  WARN 29568 --- [AddressBookManagmentApp] [main] JpaBaseConfiguration$JpaWebConfiguration : spring.jpa.open-in-view is enabled by default. Therefore, database queries may be performed during view rendering. Explicitly configure spring.jpa.open-in-view to disable this warning
2025-03-18T06:11:22.332+05:30  WARN 26448 --- [AddressBookManagmentApp] [main] org.hibernate.orm.deprecation            : HHH90000025: MySQL8Dialect does not need to be specified explicitly using 'hibernate.dialect' (remove the property setting and it will be selected by default)
2025-03-18T06:11:22.343+05:30  WARN 26448 --- [AddressBookManagmentApp] [main] org.hibernate.orm.deprecation            : HHH90000026: MySQL8Dialect has been deprecated; use org.hibernate.dialect.MySQLDialect instead
2025-03-18T06:11:26.026+05:30  WARN 26448 --- [AddressBookManagmentApp] [main] JpaBaseConfiguration$JpaWebConfiguration : spring.jpa.open-in-view is enabled by default. Therefore, database queries may be performed during view rendering. Explicitly configure spring.jpa.open-in-view to disable this warning
2025-03-18T06:11:27.188+05:30  WARN 26448 --- [AddressBookManagmentApp] [main] .s.s.UserDetailsServiceAutoConfiguration : 

Using generated security password: d4aaeaf0-5d45-46e6-9417-1ed61a6f3c17

This generated password is for development use only. Your security configuration must be updated before running your application in production.

2025-03-18T06:14:59.463+05:30  WARN 34756 --- [AddressBookManagmentApp] [main] org.hibernate.orm.deprecation            : HHH90000025: MySQL8Dialect does not need to be specified explicitly using 'hibernate.dialect' (remove the property setting and it will be selected by default)
2025-03-18T06:14:59.474+05:30  WARN 34756 --- [AddressBookManagmentApp] [main] org.hibernate.orm.deprecation            : HHH90000026: MySQL8Dialect has been deprecated; use org.hibernate.dialect.MySQLDialect instead
2025-03-18T06:15:02.712+05:30  WARN 34756 --- [AddressBookManagmentApp] [main] JpaBaseConfiguration$JpaWebConfiguration : spring.jpa.open-in-view is enabled by default. Therefore, database queries may be performed during view rendering. Explicitly configure spring.jpa.open-in-view to disable this warning
2025-03-18T06:16:26.748+05:30  WARN 34756 --- [AddressBookManagmentApp] [http-nio-8080-exec-4] .w.s.m.s.DefaultHandlerExceptionResolver : Resolved [org.springframework.web.bind.MethodArgumentNotValidException: Validation failed for argument [0] in public org.springframework.http.ResponseEntity<?> com.bridgelabz.addressbookmanagmentapp.controller.ContactController.createContact(com.bridgelabz.addressbookmanagmentapp.DTO.AddressBookDTO) with 2 errors: [Field error in object 'addressBookDTO' on field 'phone': rejected value [45672344]; codes [Pattern.addressBookDTO.phone,Pattern.phone,Pattern.java.lang.String,Pattern]; arguments [org.springframework.context.support.DefaultMessageSourceResolvable: codes [addressBookDTO.phone,phone]; arguments []; default message [phone],[Ljakarta.validation.constraints.Pattern$Flag;@455aaa9,^\d{10}$]; default message [Phone number must be exactly 10 digits]] [Field error in object 'addressBookDTO' on field 'name': rejected value [mummma]; codes [Pattern.addressBookDTO.name,Pattern.name,Pattern.java.lang.String,Pattern]; arguments [org.springframework.context.support.DefaultMessageSourceResolvable: codes [addressBookDTO.name,name]; arguments []; default message [name],[Ljakarta.validation.constraints.Pattern$Flag;@455aaa9,^[A-Z][a-zA-Z\s]*$]; default message [Name must start with a capital letter and contain only letters and spaces]] ]
2025-03-18T06:17:29.003+05:30  WARN 34756 --- [AddressBookManagmentApp] [http-nio-8080-exec-8] .w.s.m.s.DefaultHandlerExceptionResolver : Resolved [org.springframework.web.bind.MethodArgumentNotValidException: Validation failed for argument [0] in public org.springframework.http.ResponseEntity<?> com.bridgelabz.addressbookmanagmentapp.controller.ContactController.createContact(com.bridgelabz.addressbookmanagmentapp.DTO.AddressBookDTO) with 2 errors: [Field error in object 'addressBookDTO' on field 'name': rejected value [mummma]; codes [Pattern.addressBookDTO.name,Pattern.name,Pattern.java.lang.String,Pattern]; arguments [org.springframework.context.support.DefaultMessageSourceResolvable: codes [addressBookDTO.name,name]; arguments []; default message [name],[Ljakarta.validation.constraints.Pattern$Flag;@455aaa9,^[A-Z][a-zA-Z\s]*$]; default message [Name must start with a capital letter and contain only letters and spaces]] [Field error in object 'addressBookDTO' on field 'phone': rejected value [45672344]; codes [Pattern.addressBookDTO.phone,Pattern.phone,Pattern.java.lang.String,Pattern]; arguments [org.springframework.context.support.DefaultMessageSourceResolvable: codes [addressBookDTO.phone,phone]; arguments []; default message [phone],[Ljakarta.validation.constraints.Pattern$Flag;@455aaa9,^\d{10}$]; default message [Phone number must be exactly 10 digits]] ]
2025-03-18T06:18:00.761+05:30  WARN 34756 --- [AddressBookManagmentApp] [http-nio-8080-exec-10] .w.s.m.s.DefaultHandlerExceptionResolver : Resolved [org.springframework.web.bind.MethodArgumentNotValidException: Validation failed for argument [0] in public org.springframework.http.ResponseEntity<?> com.bridgelabz.addressbookmanagmentapp.controller.ContactController.createContact(com.bridgelabz.addressbookmanagmentapp.DTO.AddressBookDTO): [Field error in object 'addressBookDTO' on field 'phone': rejected value [91149000024]; codes [Pattern.addressBookDTO.phone,Pattern.phone,Pattern.java.lang.String,Pattern]; arguments [org.springframework.context.support.DefaultMessageSourceResolvable: codes [addressBookDTO.phone,phone]; arguments []; default message [phone],[Ljakarta.validation.constraints.Pattern$Flag;@455aaa9,^\d{10}$]; default message [Phone number must be exactly 10 digits]] ]
2025-03-18T06:42:23.747+05:30  WARN 10764 --- [AddressBookManagmentApp] [main] org.hibernate.orm.deprecation            : HHH90000025: MySQL8Dialect does not need to be specified explicitly using 'hibernate.dialect' (remove the property setting and it will be selected by default)
2025-03-18T06:42:23.761+05:30  WARN 10764 --- [AddressBookManagmentApp] [main] org.hibernate.orm.deprecation            : HHH90000026: MySQL8Dialect has been deprecated; use org.hibernate.dialect.MySQLDialect instead
2025-03-18T06:42:29.512+05:30  WARN 10764 --- [AddressBookManagmentApp] [main] JpaBaseConfiguration$JpaWebConfiguration : spring.jpa.open-in-view is enabled by default. Therefore, database queries may be performed during view rendering. Explicitly configure spring.jpa.open-in-view to disable this warning
2025-03-18T06:44:13.049+05:30  WARN 26280 --- [AddressBookManagmentApp] [main] org.hibernate.orm.deprecation            : HHH90000025: MySQL8Dialect does not need to be specified explicitly using 'hibernate.dialect' (remove the property setting and it will be selected by default)
2025-03-18T06:44:13.063+05:30  WARN 26280 --- [AddressBookManagmentApp] [main] org.hibernate.orm.deprecation            : HHH90000026: MySQL8Dialect has been deprecated; use org.hibernate.dialect.MySQLDialect instead
2025-03-18T06:44:16.338+05:30  WARN 26280 --- [AddressBookManagmentApp] [main] JpaBaseConfiguration$JpaWebConfiguration : spring.jpa.open-in-view is enabled by default. Therefore, database queries may be performed during view rendering. Explicitly configure spring.jpa.open-in-view to disable this warning
2025-03-18T06:44:55.468+05:30  WARN 29588 --- [AddressBookManagmentApp] [main] org.hibernate.orm.deprecation            : HHH90000025: MySQL8Dialect does not need to be specified explicitly using 'hibernate.dialect' (remove the property setting and it will be selected by default)
2025-03-18T06:44:55.478+05:30  WARN 29588 --- [AddressBookManagmentApp] [main] org.hibernate.orm.deprecation            : HHH90000026: MySQL8Dialect has been deprecated; use org.hibernate.dialect.MySQLDialect instead
2025-03-18T06:44:58.647+05:30  WARN 29588 --- [AddressBookManagmentApp] [main] JpaBaseConfiguration$JpaWebConfiguration : spring.jpa.open-in-view is enabled by default. Therefore, database queries may be performed during view rendering. Explicitly configure spring.jpa.open-in-view to disable this warning
2025-03-18T07:13:33.582+05:30  INFO 33912 --- [AddressBookManagmentApp] [main] c.b.a.AddressBookManagmentAppApplication : Starting AddressBookManagmentAppApplication using Java 22.0.1 with PID 33912 (C:\Users\HP\IdeaProjects\AddressBookManagmentApp\target\classes started by ayushi.varshney_cs21@gla.ac.in in C:\Users\HP\IdeaProjects\AddressBookManagmentApp)
2025-03-18T07:13:33.586+05:30  INFO 33912 --- [AddressBookManagmentApp] [main] c.b.a.AddressBookManagmentAppApplication : The following 1 profile is active: "prod"
2025-03-18T07:13:39.969+05:30  WARN 33912 --- [AddressBookManagmentApp] [main] org.hibernate.orm.deprecation            : HHH90000025: MySQL8Dialect does not need to be specified explicitly using 'hibernate.dialect' (remove the property setting and it will be selected by default)
2025-03-18T07:13:39.980+05:30  WARN 33912 --- [AddressBookManagmentApp] [main] org.hibernate.orm.deprecation            : HHH90000026: MySQL8Dialect has been deprecated; use org.hibernate.dialect.MySQLDialect instead
2025-03-18T07:13:43.523+05:30  WARN 33912 --- [AddressBookManagmentApp] [main] JpaBaseConfiguration$JpaWebConfiguration : spring.jpa.open-in-view is enabled by default. Therefore, database queries may be performed during view rendering. Explicitly configure spring.jpa.open-in-view to disable this warning
2025-03-18T07:13:44.710+05:30  INFO 33912 --- [AddressBookManagmentApp] [main] c.b.a.AddressBookManagmentAppApplication : Started AddressBookManagmentAppApplication in 12.472 seconds (process running for 13.704)
2025-03-18T07:19:31.779+05:30  INFO 34404 --- [AddressBookManagmentApp] [main] c.b.a.AddressBookManagmentAppApplication : Starting AddressBookManagmentAppApplication using Java 22.0.1 with PID 34404 (C:\Users\HP\IdeaProjects\AddressBookManagmentApp\target\classes started by ayushi.varshney_cs21@gla.ac.in in C:\Users\HP\IdeaProjects\AddressBookManagmentApp)
2025-03-18T07:19:31.783+05:30  INFO 34404 --- [AddressBookManagmentApp] [main] c.b.a.AddressBookManagmentAppApplication : The following 1 profile is active: "prod"
2025-03-18T07:19:38.005+05:30  WARN 34404 --- [AddressBookManagmentApp] [main] org.hibernate.orm.deprecation            : HHH90000025: MySQL8Dialect does not need to be specified explicitly using 'hibernate.dialect' (remove the property setting and it will be selected by default)
2025-03-18T07:19:38.016+05:30  WARN 34404 --- [AddressBookManagmentApp] [main] org.hibernate.orm.deprecation            : HHH90000026: MySQL8Dialect has been deprecated; use org.hibernate.dialect.MySQLDialect instead
2025-03-18T07:19:41.335+05:30  WARN 34404 --- [AddressBookManagmentApp] [main] JpaBaseConfiguration$JpaWebConfiguration : spring.jpa.open-in-view is enabled by default. Therefore, database queries may be performed during view rendering. Explicitly configure spring.jpa.open-in-view to disable this warning
2025-03-18T07:19:42.696+05:30  INFO 34404 --- [AddressBookManagmentApp] [main] c.b.a.AddressBookManagmentAppApplication : Started AddressBookManagmentAppApplication in 12.217 seconds (process running for 13.45)
2025-03-18T07:19:51.972+05:30  INFO 34404 --- [AddressBookManagmentApp] [http-nio-8080-exec-1] c.b.a.service.AddressBookService         : Fetching all contacts from the database.
2025-03-18T07:19:52.137+05:30 DEBUG 34404 --- [AddressBookManagmentApp] [http-nio-8080-exec-1] org.hibernate.SQL                        : select abm1_0.id,abm1_0.name,abm1_0.phone from address abm1_0
2025-03-18T07:19:52.193+05:30  INFO 34404 --- [AddressBookManagmentApp] [http-nio-8080-exec-1] c.b.a.service.AddressBookService         : DB Query Time: 221ms
2025-03-18T09:15:40.945+05:30  INFO 12616 --- [AddressBookManagmentApp] [main] c.b.a.AddressBookManagmentAppApplication : Starting AddressBookManagmentAppApplication using Java 22.0.1 with PID 12616 (C:\Users\HP\IdeaProjects\AddressBookManagmentApp\target\classes started by ayushi.varshney_cs21@gla.ac.in in C:\Users\HP\IdeaProjects\AddressBookManagmentApp)
2025-03-18T09:15:40.949+05:30  INFO 12616 --- [AddressBookManagmentApp] [main] c.b.a.AddressBookManagmentAppApplication : The following 1 profile is active: "prod"
2025-03-18T09:15:48.032+05:30  WARN 12616 --- [AddressBookManagmentApp] [main] org.hibernate.orm.deprecation            : HHH90000025: MySQL8Dialect does not need to be specified explicitly using 'hibernate.dialect' (remove the property setting and it will be selected by default)
2025-03-18T09:15:48.038+05:30  WARN 12616 --- [AddressBookManagmentApp] [main] org.hibernate.orm.deprecation            : HHH90000026: MySQL8Dialect has been deprecated; use org.hibernate.dialect.MySQLDialect instead
2025-03-18T09:15:54.706+05:30  WARN 12616 --- [AddressBookManagmentApp] [main] JpaBaseConfiguration$JpaWebConfiguration : spring.jpa.open-in-view is enabled by default. Therefore, database queries may be performed during view rendering. Explicitly configure spring.jpa.open-in-view to disable this warning
2025-03-18T09:16:38.935+05:30 ERROR 12616 --- [AddressBookManagmentApp] [org.springframework.amqp.rabbit.RabbitListenerEndpointContainer#0-1] o.s.a.r.l.SimpleMessageListenerContainer : Failed to check/redeclare auto-delete queue(s).

org.springframework.amqp.AmqpConnectException: java.net.ConnectException: Connection timed out: getsockopt
	at org.springframework.amqp.rabbit.support.RabbitExceptionTranslator.convertRabbitAccessException(RabbitExceptionTranslator.java:61) ~[spring-rabbit-3.2.3.jar:3.2.3]
	at org.springframework.amqp.rabbit.connection.AbstractConnectionFactory.createBareConnection(AbstractConnectionFactory.java:632) ~[spring-rabbit-3.2.3.jar:3.2.3]
	at org.springframework.amqp.rabbit.connection.CachingConnectionFactory.createConnection(CachingConnectionFactory.java:726) ~[spring-rabbit-3.2.3.jar:3.2.3]
	at org.springframework.amqp.rabbit.connection.ConnectionFactoryUtils.createConnection(ConnectionFactoryUtils.java:257) ~[spring-rabbit-3.2.3.jar:3.2.3]
	at org.springframework.amqp.rabbit.core.RabbitTemplate.doExecute(RabbitTemplate.java:2262) ~[spring-rabbit-3.2.3.jar:3.2.3]
	at org.springframework.amqp.rabbit.core.RabbitTemplate.execute(RabbitTemplate.java:2235) ~[spring-rabbit-3.2.3.jar:3.2.3]
	at org.springframework.amqp.rabbit.core.RabbitTemplate.execute(RabbitTemplate.java:2215) ~[spring-rabbit-3.2.3.jar:3.2.3]
	at org.springframework.amqp.rabbit.core.RabbitAdmin.getQueueInfo(RabbitAdmin.java:467) ~[spring-rabbit-3.2.3.jar:3.2.3]
	at org.springframework.amqp.rabbit.core.RabbitAdmin.getQueueProperties(RabbitAdmin.java:451) ~[spring-rabbit-3.2.3.jar:3.2.3]
	at org.springframework.amqp.rabbit.listener.AbstractMessageListenerContainer.attemptDeclarations(AbstractMessageListenerContainer.java:1972) ~[spring-rabbit-3.2.3.jar:3.2.3]
	at org.springframework.amqp.rabbit.listener.AbstractMessageListenerContainer.redeclareElementsIfNecessary(AbstractMessageListenerContainer.java:1936) ~[spring-rabbit-3.2.3.jar:3.2.3]
	at org.springframework.amqp.rabbit.listener.SimpleMessageListenerContainer$AsyncMessageProcessingConsumer.initialize(SimpleMessageListenerContainer.java:1483) ~[spring-rabbit-3.2.3.jar:3.2.3]
	at org.springframework.amqp.rabbit.listener.SimpleMessageListenerContainer$AsyncMessageProcessingConsumer.run(SimpleMessageListenerContainer.java:1324) ~[spring-rabbit-3.2.3.jar:3.2.3]
	at java.base/java.lang.Thread.run(Thread.java:1570) ~[na:na]
Caused by: java.net.ConnectException: Connection timed out: getsockopt
	at java.base/sun.nio.ch.Net.pollConnect(Native Method) ~[na:na]
	at java.base/sun.nio.ch.Net.pollConnectNow(Net.java:682) ~[na:na]
	at java.base/sun.nio.ch.NioSocketImpl.timedFinishConnect(NioSocketImpl.java:549) ~[na:na]
	at java.base/sun.nio.ch.NioSocketImpl.connect(NioSocketImpl.java:592) ~[na:na]
	at java.base/java.net.SocksSocketImpl.connect(SocksSocketImpl.java:327) ~[na:na]
	at java.base/java.net.Socket.connect(Socket.java:752) ~[na:na]
	at java.base/sun.security.ssl.SSLSocketImpl.connect(SSLSocketImpl.java:304) ~[na:na]
	at com.rabbitmq.client.impl.SocketFrameHandlerFactory.create(SocketFrameHandlerFactory.java:61) ~[amqp-client-5.22.0.jar:5.22.0]
	at com.rabbitmq.client.ConnectionFactory.newConnection(ConnectionFactory.java:1249) ~[amqp-client-5.22.0.jar:5.22.0]
	at com.rabbitmq.client.ConnectionFactory.newConnection(ConnectionFactory.java:1198) ~[amqp-client-5.22.0.jar:5.22.0]
	at org.springframework.amqp.rabbit.connection.AbstractConnectionFactory.connectAddresses(AbstractConnectionFactory.java:678) ~[spring-rabbit-3.2.3.jar:3.2.3]
	at org.springframework.amqp.rabbit.connection.AbstractConnectionFactory.connect(AbstractConnectionFactory.java:647) ~[spring-rabbit-3.2.3.jar:3.2.3]
	at org.springframework.amqp.rabbit.connection.AbstractConnectionFactory.createBareConnection(AbstractConnectionFactory.java:593) ~[spring-rabbit-3.2.3.jar:3.2.3]
	... 12 common frames omitted

2025-03-18T09:17:05.178+05:30  WARN 12616 --- [AddressBookManagmentApp] [org.springframework.amqp.rabbit.RabbitListenerEndpointContainer#0-1] o.s.a.r.l.SimpleMessageListenerContainer : Consumer raised exception, processing can restart if the connection factory supports it. Exception summary: org.springframework.amqp.AmqpConnectException: java.net.ConnectException: Connection timed out: getsockopt
2025-03-18T09:17:21.059+05:30 ERROR 12616 --- [AddressBookManagmentApp] [org.springframework.amqp.rabbit.RabbitListenerEndpointContainer#0-2] o.s.a.r.l.SimpleMessageListenerContainer : Failed to check/redeclare auto-delete queue(s).
2025-03-18T09:17:21.060+05:30 ERROR 12616 --- [AddressBookManagmentApp] [org.springframework.amqp.rabbit.RabbitListenerEndpointContainer#1-1] o.s.a.r.l.SimpleMessageListenerContainer : Failed to check/redeclare auto-delete queue(s).

org.springframework.amqp.AmqpIOException: java.net.UnknownHostException: fuji.lmq.cloudamqp.com
	at org.springframework.amqp.rabbit.support.RabbitExceptionTranslator.convertRabbitAccessException(RabbitExceptionTranslator.java:70) ~[spring-rabbit-3.2.3.jar:3.2.3]
	at org.springframework.amqp.rabbit.connection.AbstractConnectionFactory.createBareConnection(AbstractConnectionFactory.java:632) ~[spring-rabbit-3.2.3.jar:3.2.3]
	at org.springframework.amqp.rabbit.connection.CachingConnectionFactory.createConnection(CachingConnectionFactory.java:726) ~[spring-rabbit-3.2.3.jar:3.2.3]
	at org.springframework.amqp.rabbit.connection.ConnectionFactoryUtils.createConnection(ConnectionFactoryUtils.java:257) ~[spring-rabbit-3.2.3.jar:3.2.3]
	at org.springframework.amqp.rabbit.core.RabbitTemplate.doExecute(RabbitTemplate.java:2262) ~[spring-rabbit-3.2.3.jar:3.2.3]
	at org.springframework.amqp.rabbit.core.RabbitTemplate.execute(RabbitTemplate.java:2235) ~[spring-rabbit-3.2.3.jar:3.2.3]
	at org.springframework.amqp.rabbit.core.RabbitTemplate.execute(RabbitTemplate.java:2215) ~[spring-rabbit-3.2.3.jar:3.2.3]
	at org.springframework.amqp.rabbit.core.RabbitAdmin.getQueueInfo(RabbitAdmin.java:467) ~[spring-rabbit-3.2.3.jar:3.2.3]
	at org.springframework.amqp.rabbit.core.RabbitAdmin.getQueueProperties(RabbitAdmin.java:451) ~[spring-rabbit-3.2.3.jar:3.2.3]
	at org.springframework.amqp.rabbit.listener.AbstractMessageListenerContainer.attemptDeclarations(AbstractMessageListenerContainer.java:1972) ~[spring-rabbit-3.2.3.jar:3.2.3]
	at org.springframework.amqp.rabbit.listener.AbstractMessageListenerContainer.redeclareElementsIfNecessary(AbstractMessageListenerContainer.java:1936) ~[spring-rabbit-3.2.3.jar:3.2.3]
	at org.springframework.amqp.rabbit.listener.SimpleMessageListenerContainer$AsyncMessageProcessingConsumer.initialize(SimpleMessageListenerContainer.java:1483) ~[spring-rabbit-3.2.3.jar:3.2.3]
	at org.springframework.amqp.rabbit.listener.SimpleMessageListenerContainer$AsyncMessageProcessingConsumer.run(SimpleMessageListenerContainer.java:1324) ~[spring-rabbit-3.2.3.jar:3.2.3]
	at java.base/java.lang.Thread.run(Thread.java:1570) ~[na:na]
Caused by: java.net.UnknownHostException: fuji.lmq.cloudamqp.com
	at java.base/java.net.InetAddress$CachedLookup.get(InetAddress.java:998) ~[na:na]
	at java.base/java.net.InetAddress.getAllByName0(InetAddress.java:1806) ~[na:na]
	at java.base/java.net.InetAddress.getAllByName(InetAddress.java:1676) ~[na:na]
	at com.rabbitmq.client.DnsRecordIpAddressResolver.resolveIpAddresses(DnsRecordIpAddressResolver.java:83) ~[amqp-client-5.22.0.jar:5.22.0]
	at com.rabbitmq.client.DnsRecordIpAddressResolver.getAddresses(DnsRecordIpAddressResolver.java:73) ~[amqp-client-5.22.0.jar:5.22.0]
	at com.rabbitmq.client.ConnectionFactory.newConnection(ConnectionFactory.java:1245) ~[amqp-client-5.22.0.jar:5.22.0]
	at com.rabbitmq.client.ConnectionFactory.newConnection(ConnectionFactory.java:1198) ~[amqp-client-5.22.0.jar:5.22.0]
	at org.springframework.amqp.rabbit.connection.AbstractConnectionFactory.connectAddresses(AbstractConnectionFactory.java:678) ~[spring-rabbit-3.2.3.jar:3.2.3]
	at org.springframework.amqp.rabbit.connection.AbstractConnectionFactory.connect(AbstractConnectionFactory.java:647) ~[spring-rabbit-3.2.3.jar:3.2.3]
	at org.springframework.amqp.rabbit.connection.AbstractConnectionFactory.createBareConnection(AbstractConnectionFactory.java:593) ~[spring-rabbit-3.2.3.jar:3.2.3]
	... 12 common frames omitted

2025-03-18T09:17:21.070+05:30 ERROR 12616 --- [AddressBookManagmentApp] [org.springframework.amqp.rabbit.RabbitListenerEndpointContainer#2-1] o.s.a.r.l.SimpleMessageListenerContainer : Failed to check/redeclare auto-delete queue(s).

org.springframework.amqp.AmqpIOException: java.net.UnknownHostException: fuji.lmq.cloudamqp.com
	at org.springframework.amqp.rabbit.support.RabbitExceptionTranslator.convertRabbitAccessException(RabbitExceptionTranslator.java:70) ~[spring-rabbit-3.2.3.jar:3.2.3]
	at org.springframework.amqp.rabbit.connection.AbstractConnectionFactory.createBareConnection(AbstractConnectionFactory.java:632) ~[spring-rabbit-3.2.3.jar:3.2.3]
	at org.springframework.amqp.rabbit.connection.CachingConnectionFactory.createConnection(CachingConnectionFactory.java:726) ~[spring-rabbit-3.2.3.jar:3.2.3]
	at org.springframework.amqp.rabbit.connection.ConnectionFactoryUtils.createConnection(ConnectionFactoryUtils.java:257) ~[spring-rabbit-3.2.3.jar:3.2.3]
	at org.springframework.amqp.rabbit.core.RabbitTemplate.doExecute(RabbitTemplate.java:2262) ~[spring-rabbit-3.2.3.jar:3.2.3]
	at org.springframework.amqp.rabbit.core.RabbitTemplate.execute(RabbitTemplate.java:2235) ~[spring-rabbit-3.2.3.jar:3.2.3]
	at org.springframework.amqp.rabbit.core.RabbitTemplate.execute(RabbitTemplate.java:2215) ~[spring-rabbit-3.2.3.jar:3.2.3]
	at org.springframework.amqp.rabbit.core.RabbitAdmin.getQueueInfo(RabbitAdmin.java:467) ~[spring-rabbit-3.2.3.jar:3.2.3]
	at org.springframework.amqp.rabbit.core.RabbitAdmin.getQueueProperties(RabbitAdmin.java:451) ~[spring-rabbit-3.2.3.jar:3.2.3]
	at org.springframework.amqp.rabbit.listener.AbstractMessageListenerContainer.attemptDeclarations(AbstractMessageListenerContainer.java:1972) ~[spring-rabbit-3.2.3.jar:3.2.3]
	at org.springframework.amqp.rabbit.listener.AbstractMessageListenerContainer.redeclareElementsIfNecessary(AbstractMessageListenerContainer.java:1936) ~[spring-rabbit-3.2.3.jar:3.2.3]
	at org.springframework.amqp.rabbit.listener.SimpleMessageListenerContainer$AsyncMessageProcessingConsumer.initialize(SimpleMessageListenerContainer.java:1483) ~[spring-rabbit-3.2.3.jar:3.2.3]
	at org.springframework.amqp.rabbit.listener.SimpleMessageListenerContainer$AsyncMessageProcessingConsumer.run(SimpleMessageListenerContainer.java:1324) ~[spring-rabbit-3.2.3.jar:3.2.3]
	at java.base/java.lang.Thread.run(Thread.java:1570) ~[na:na]
Caused by: java.net.UnknownHostException: fuji.lmq.cloudamqp.com
	at java.base/java.net.InetAddress$CachedLookup.get(InetAddress.java:998) ~[na:na]
	at java.base/java.net.InetAddress.getAllByName0(InetAddress.java:1806) ~[na:na]
	at java.base/java.net.InetAddress.getAllByName(InetAddress.java:1676) ~[na:na]
	at com.rabbitmq.client.DnsRecordIpAddressResolver.resolveIpAddresses(DnsRecordIpAddressResolver.java:83) ~[amqp-client-5.22.0.jar:5.22.0]
	at com.rabbitmq.client.DnsRecordIpAddressResolver.getAddresses(DnsRecordIpAddressResolver.java:73) ~[amqp-client-5.22.0.jar:5.22.0]
	at com.rabbitmq.client.ConnectionFactory.newConnection(ConnectionFactory.java:1245) ~[amqp-client-5.22.0.jar:5.22.0]
	at com.rabbitmq.client.ConnectionFactory.newConnection(ConnectionFactory.java:1198) ~[amqp-client-5.22.0.jar:5.22.0]
	at org.springframework.amqp.rabbit.connection.AbstractConnectionFactory.connectAddresses(AbstractConnectionFactory.java:678) ~[spring-rabbit-3.2.3.jar:3.2.3]
	at org.springframework.amqp.rabbit.connection.AbstractConnectionFactory.connect(AbstractConnectionFactory.java:647) ~[spring-rabbit-3.2.3.jar:3.2.3]
	at org.springframework.amqp.rabbit.connection.AbstractConnectionFactory.createBareConnection(AbstractConnectionFactory.java:593) ~[spring-rabbit-3.2.3.jar:3.2.3]
	... 12 common frames omitted

2025-03-18T09:17:21.082+05:30 ERROR 12616 --- [AddressBookManagmentApp] [org.springframework.amqp.rabbit.RabbitListenerEndpointContainer#3-1] o.s.a.r.l.SimpleMessageListenerContainer : Failed to check/redeclare auto-delete queue(s).

org.springframework.amqp.AmqpIOException: java.net.UnknownHostException: fuji.lmq.cloudamqp.com
	at org.springframework.amqp.rabbit.support.RabbitExceptionTranslator.convertRabbitAccessException(RabbitExceptionTranslator.java:70) ~[spring-rabbit-3.2.3.jar:3.2.3]
	at org.springframework.amqp.rabbit.connection.AbstractConnectionFactory.createBareConnection(AbstractConnectionFactory.java:632) ~[spring-rabbit-3.2.3.jar:3.2.3]
	at org.springframework.amqp.rabbit.connection.CachingConnectionFactory.createConnection(CachingConnectionFactory.java:726) ~[spring-rabbit-3.2.3.jar:3.2.3]
	at org.springframework.amqp.rabbit.connection.ConnectionFactoryUtils.createConnection(ConnectionFactoryUtils.java:257) ~[spring-rabbit-3.2.3.jar:3.2.3]
	at org.springframework.amqp.rabbit.core.RabbitTemplate.doExecute(RabbitTemplate.java:2262) ~[spring-rabbit-3.2.3.jar:3.2.3]
	at org.springframework.amqp.rabbit.core.RabbitTemplate.execute(RabbitTemplate.java:2235) ~[spring-rabbit-3.2.3.jar:3.2.3]
	at org.springframework.amqp.rabbit.core.RabbitTemplate.execute(RabbitTemplate.java:2215) ~[spring-rabbit-3.2.3.jar:3.2.3]
	at org.springframework.amqp.rabbit.core.RabbitAdmin.getQueueInfo(RabbitAdmin.java:467) ~[spring-rabbit-3.2.3.jar:3.2.3]
	at org.springframework.amqp.rabbit.core.RabbitAdmin.getQueueProperties(RabbitAdmin.java:451) ~[spring-rabbit-3.2.3.jar:3.2.3]
	at org.springframework.amqp.rabbit.listener.AbstractMessageListenerContainer.attemptDeclarations(AbstractMessageListenerContainer.java:1972) ~[spring-rabbit-3.2.3.jar:3.2.3]
	at org.springframework.amqp.rabbit.listener.AbstractMessageListenerContainer.redeclareElementsIfNecessary(AbstractMessageListenerContainer.java:1936) ~[spring-rabbit-3.2.3.jar:3.2.3]
	at org.springframework.amqp.rabbit.listener.SimpleMessageListenerContainer$AsyncMessageProcessingConsumer.initialize(SimpleMessageListenerContainer.java:1483) ~[spring-rabbit-3.2.3.jar:3.2.3]
	at org.springframework.amqp.rabbit.listener.SimpleMessageListenerContainer$AsyncMessageProcessingConsumer.run(SimpleMessageListenerContainer.java:1324) ~[spring-rabbit-3.2.3.jar:3.2.3]
	at java.base/java.lang.Thread.run(Thread.java:1570) ~[na:na]
Caused by: java.net.UnknownHostException: fuji.lmq.cloudamqp.com
	at java.base/java.net.InetAddress$CachedLookup.get(InetAddress.java:998) ~[na:na]
	at java.base/java.net.InetAddress.getAllByName0(InetAddress.java:1806) ~[na:na]
	at java.base/java.net.InetAddress.getAllByName(InetAddress.java:1676) ~[na:na]
	at com.rabbitmq.client.DnsRecordIpAddressResolver.resolveIpAddresses(DnsRecordIpAddressResolver.java:83) ~[amqp-client-5.22.0.jar:5.22.0]
	at com.rabbitmq.client.DnsRecordIpAddressResolver.getAddresses(DnsRecordIpAddressResolver.java:73) ~[amqp-client-5.22.0.jar:5.22.0]
	at com.rabbitmq.client.ConnectionFactory.newConnection(ConnectionFactory.java:1245) ~[amqp-client-5.22.0.jar:5.22.0]
	at com.rabbitmq.client.ConnectionFactory.newConnection(ConnectionFactory.java:1198) ~[amqp-client-5.22.0.jar:5.22.0]
	at org.springframework.amqp.rabbit.connection.AbstractConnectionFactory.connectAddresses(AbstractConnectionFactory.java:678) ~[spring-rabbit-3.2.3.jar:3.2.3]
	at org.springframework.amqp.rabbit.connection.AbstractConnectionFactory.connect(AbstractConnectionFactory.java:647) ~[spring-rabbit-3.2.3.jar:3.2.3]
	at org.springframework.amqp.rabbit.connection.AbstractConnectionFactory.createBareConnection(AbstractConnectionFactory.java:593) ~[spring-rabbit-3.2.3.jar:3.2.3]
	... 12 common frames omitted

2025-03-18T09:17:21.149+05:30  INFO 12616 --- [AddressBookManagmentApp] [main] c.b.a.AddressBookManagmentAppApplication : Started AddressBookManagmentAppApplication in 101.617 seconds (process running for 102.781)
2025-03-18T09:17:26.171+05:30 ERROR 12616 --- [AddressBookManagmentApp] [org.springframework.amqp.rabbit.RabbitListenerEndpointContainer#1-2] o.s.a.r.l.SimpleMessageListenerContainer : Failed to check/redeclare auto-delete queue(s).
2025-03-18T09:17:26.171+05:30 ERROR 12616 --- [AddressBookManagmentApp] [org.springframework.amqp.rabbit.RabbitListenerEndpointContainer#0-3] o.s.a.r.l.SimpleMessageListenerContainer : Failed to check/redeclare auto-delete queue(s).
2025-03-18T09:17:26.186+05:30 ERROR 12616 --- [AddressBookManagmentApp] [org.springframework.amqp.rabbit.RabbitListenerEndpointContainer#2-2] o.s.a.r.l.SimpleMessageListenerContainer : Failed to check/redeclare auto-delete queue(s).
2025-03-18T09:17:26.186+05:30 ERROR 12616 --- [AddressBookManagmentApp] [org.springframework.amqp.rabbit.RabbitListenerEndpointContainer#3-2] o.s.a.r.l.SimpleMessageListenerContainer : Failed to check/redeclare auto-delete queue(s).
2025-03-18T09:17:31.263+05:30 ERROR 12616 --- [AddressBookManagmentApp] [org.springframework.amqp.rabbit.RabbitListenerEndpointContainer#1-3] o.s.a.r.l.SimpleMessageListenerContainer : Failed to check/redeclare auto-delete queue(s).
2025-03-18T09:17:31.263+05:30 ERROR 12616 --- [AddressBookManagmentApp] [org.springframework.amqp.rabbit.RabbitListenerEndpointContainer#0-4] o.s.a.r.l.SimpleMessageListenerContainer : Failed to check/redeclare auto-delete queue(s).
2025-03-18T09:17:31.277+05:30 ERROR 12616 --- [AddressBookManagmentApp] [org.springframework.amqp.rabbit.RabbitListenerEndpointContainer#2-3] o.s.a.r.l.SimpleMessageListenerContainer : Failed to check/redeclare auto-delete queue(s).
2025-03-18T09:17:31.278+05:30 ERROR 12616 --- [AddressBookManagmentApp] [org.springframework.amqp.rabbit.RabbitListenerEndpointContainer#3-3] o.s.a.r.l.SimpleMessageListenerContainer : Failed to check/redeclare auto-delete queue(s).
2025-03-18T09:17:36.405+05:30 ERROR 12616 --- [AddressBookManagmentApp] [org.springframework.amqp.rabbit.RabbitListenerEndpointContainer#2-4] o.s.a.r.l.SimpleMessageListenerContainer : Failed to check/redeclare auto-delete queue(s).
2025-03-18T09:17:36.405+05:30 ERROR 12616 --- [AddressBookManagmentApp] [org.springframework.amqp.rabbit.RabbitListenerEndpointContainer#3-4] o.s.a.r.l.SimpleMessageListenerContainer : Failed to check/redeclare auto-delete queue(s).
2025-03-18T09:17:36.406+05:30 ERROR 12616 --- [AddressBookManagmentApp] [org.springframework.amqp.rabbit.RabbitListenerEndpointContainer#1-4] o.s.a.r.l.SimpleMessageListenerContainer : Failed to check/redeclare auto-delete queue(s).
2025-03-18T09:17:36.407+05:30 ERROR 12616 --- [AddressBookManagmentApp] [org.springframework.amqp.rabbit.RabbitListenerEndpointContainer#0-5] o.s.a.r.l.SimpleMessageListenerContainer : Failed to check/redeclare auto-delete queue(s).
2025-03-18T09:17:42.111+05:30 ERROR 12616 --- [AddressBookManagmentApp] [org.springframework.amqp.rabbit.RabbitListenerEndpointContainer#0-6] o.s.a.r.l.SimpleMessageListenerContainer : Failed to check/redeclare auto-delete queue(s).
2025-03-18T09:17:42.874+05:30 ERROR 12616 --- [AddressBookManagmentApp] [org.springframework.amqp.rabbit.RabbitListenerEndpointContainer#1-5] o.s.a.r.l.SimpleMessageListenerContainer : Failed to check/redeclare auto-delete queue(s).
2025-03-18T09:17:43.287+05:30 ERROR 12616 --- [AddressBookManagmentApp] [org.springframework.amqp.rabbit.RabbitListenerEndpointContainer#2-5] o.s.a.r.l.SimpleMessageListenerContainer : Failed to check/redeclare auto-delete queue(s).
2025-03-18T09:17:43.663+05:30 ERROR 12616 --- [AddressBookManagmentApp] [org.springframework.amqp.rabbit.RabbitListenerEndpointContainer#3-5] o.s.a.r.l.SimpleMessageListenerContainer : Failed to check/redeclare auto-delete queue(s).
2025-03-18T09:17:49.631+05:30 ERROR 12616 --- [AddressBookManagmentApp] [org.springframework.amqp.rabbit.RabbitListenerEndpointContainer#0-7] o.s.a.r.l.SimpleMessageListenerContainer : Failed to check/redeclare auto-delete queue(s).
2025-03-18T09:17:50.532+05:30 ERROR 12616 --- [AddressBookManagmentApp] [org.springframework.amqp.rabbit.RabbitListenerEndpointContainer#1-6] o.s.a.r.l.SimpleMessageListenerContainer : Failed to check/redeclare auto-delete queue(s).
2025-03-18T09:17:50.892+05:30 ERROR 12616 --- [AddressBookManagmentApp] [org.springframework.amqp.rabbit.RabbitListenerEndpointContainer#2-6] o.s.a.r.l.SimpleMessageListenerContainer : Failed to check/redeclare auto-delete queue(s).
2025-03-18T09:17:51.253+05:30 ERROR 12616 --- [AddressBookManagmentApp] [org.springframework.amqp.rabbit.RabbitListenerEndpointContainer#3-6] o.s.a.r.l.SimpleMessageListenerContainer : Failed to check/redeclare auto-delete queue(s).
2025-03-18T09:17:55.545+05:30 ERROR 12616 --- [AddressBookManagmentApp] [org.springframework.amqp.rabbit.RabbitListenerEndpointContainer#0-8] o.s.a.r.l.SimpleMessageListenerContainer : Failed to check/redeclare auto-delete queue(s).
2025-03-18T09:17:57.157+05:30 ERROR 12616 --- [AddressBookManagmentApp] [org.springframework.amqp.rabbit.RabbitListenerEndpointContainer#1-7] o.s.a.r.l.SimpleMessageListenerContainer : Failed to check/redeclare auto-delete queue(s).
2025-03-18T09:17:57.689+05:30 ERROR 12616 --- [AddressBookManagmentApp] [org.springframework.amqp.rabbit.RabbitListenerEndpointContainer#2-7] o.s.a.r.l.SimpleMessageListenerContainer : Failed to check/redeclare auto-delete queue(s).
2025-03-18T09:17:58.820+05:30 ERROR 12616 --- [AddressBookManagmentApp] [org.springframework.amqp.rabbit.RabbitListenerEndpointContainer#3-7] o.s.a.r.l.SimpleMessageListenerContainer : Failed to check/redeclare auto-delete queue(s).
2025-03-18T09:18:01.456+05:30 ERROR 12616 --- [AddressBookManagmentApp] [org.springframework.amqp.rabbit.RabbitListenerEndpointContainer#0-9] o.s.a.r.l.SimpleMessageListenerContainer : Failed to check/redeclare auto-delete queue(s).
2025-03-18T09:18:03.816+05:30 ERROR 12616 --- [AddressBookManagmentApp] [org.springframework.amqp.rabbit.RabbitListenerEndpointContainer#1-8] o.s.a.r.l.SimpleMessageListenerContainer : Failed to check/redeclare auto-delete queue(s).
2025-03-18T09:18:04.773+05:30 ERROR 12616 --- [AddressBookManagmentApp] [org.springframework.amqp.rabbit.RabbitListenerEndpointContainer#2-8] o.s.a.r.l.SimpleMessageListenerContainer : Failed to check/redeclare auto-delete queue(s).
2025-03-18T09:18:05.692+05:30 ERROR 12616 --- [AddressBookManagmentApp] [org.springframework.amqp.rabbit.RabbitListenerEndpointContainer#3-8] o.s.a.r.l.SimpleMessageListenerContainer : Failed to check/redeclare auto-delete queue(s).
2025-03-18T09:18:07.354+05:30 ERROR 12616 --- [AddressBookManagmentApp] [org.springframework.amqp.rabbit.RabbitListenerEndpointContainer#0-10] o.s.a.r.l.SimpleMessageListenerContainer : Failed to check/redeclare auto-delete queue(s).
2025-03-18T09:18:09.828+05:30 ERROR 12616 --- [AddressBookManagmentApp] [org.springframework.amqp.rabbit.RabbitListenerEndpointContainer#1-9] o.s.a.r.l.SimpleMessageListenerContainer : Failed to check/redeclare auto-delete queue(s).
2025-03-18T09:18:10.938+05:30 ERROR 12616 --- [AddressBookManagmentApp] [org.springframework.amqp.rabbit.RabbitListenerEndpointContainer#2-9] o.s.a.r.l.SimpleMessageListenerContainer : Failed to check/redeclare auto-delete queue(s).
2025-03-18T09:18:11.740+05:30 ERROR 12616 --- [AddressBookManagmentApp] [org.springframework.amqp.rabbit.RabbitListenerEndpointContainer#3-9] o.s.a.r.l.SimpleMessageListenerContainer : Failed to check/redeclare auto-delete queue(s).
2025-03-18T09:18:13.472+05:30 ERROR 12616 --- [AddressBookManagmentApp] [org.springframework.amqp.rabbit.RabbitListenerEndpointContainer#0-11] o.s.a.r.l.SimpleMessageListenerContainer : Failed to check/redeclare auto-delete queue(s).
2025-03-18T09:18:15.876+05:30 ERROR 12616 --- [AddressBookManagmentApp] [org.springframework.amqp.rabbit.RabbitListenerEndpointContainer#1-10] o.s.a.r.l.SimpleMessageListenerContainer : Failed to check/redeclare auto-delete queue(s).
2025-03-18T09:18:17.134+05:30 ERROR 12616 --- [AddressBookManagmentApp] [org.springframework.amqp.rabbit.RabbitListenerEndpointContainer#2-10] o.s.a.r.l.SimpleMessageListenerContainer : Failed to check/redeclare auto-delete queue(s).
2025-03-18T09:18:18.358+05:30 ERROR 12616 --- [AddressBookManagmentApp] [org.springframework.amqp.rabbit.RabbitListenerEndpointContainer#3-10] o.s.a.r.l.SimpleMessageListenerContainer : Failed to check/redeclare auto-delete queue(s).
2025-03-18T09:18:19.568+05:30 ERROR 12616 --- [AddressBookManagmentApp] [org.springframework.amqp.rabbit.RabbitListenerEndpointContainer#0-12] o.s.a.r.l.SimpleMessageListenerContainer : Failed to check/redeclare auto-delete queue(s).
2025-03-18T09:18:21.823+05:30 ERROR 12616 --- [AddressBookManagmentApp] [org.springframework.amqp.rabbit.RabbitListenerEndpointContainer#1-11] o.s.a.r.l.SimpleMessageListenerContainer : Failed to check/redeclare auto-delete queue(s).
2025-03-18T09:18:23.258+05:30 ERROR 12616 --- [AddressBookManagmentApp] [org.springframework.amqp.rabbit.RabbitListenerEndpointContainer#2-11] o.s.a.r.l.SimpleMessageListenerContainer : Failed to check/redeclare auto-delete queue(s).
2025-03-18T09:18:24.266+05:30 ERROR 12616 --- [AddressBookManagmentApp] [org.springframework.amqp.rabbit.RabbitListenerEndpointContainer#3-11] o.s.a.r.l.SimpleMessageListenerContainer : Failed to check/redeclare auto-delete queue(s).
2025-03-18T09:18:25.379+05:30 ERROR 12616 --- [AddressBookManagmentApp] [org.springframework.amqp.rabbit.RabbitListenerEndpointContainer#0-13] o.s.a.r.l.SimpleMessageListenerContainer : Failed to check/redeclare auto-delete queue(s).
2025-03-18T09:18:27.713+05:30 ERROR 12616 --- [AddressBookManagmentApp] [org.springframework.amqp.rabbit.RabbitListenerEndpointContainer#1-12] o.s.a.r.l.SimpleMessageListenerContainer : Failed to check/redeclare auto-delete queue(s).
2025-03-18T09:18:29.204+05:30 ERROR 12616 --- [AddressBookManagmentApp] [org.springframework.amqp.rabbit.RabbitListenerEndpointContainer#2-12] o.s.a.r.l.SimpleMessageListenerContainer : Failed to check/redeclare auto-delete queue(s).
2025-03-18T09:18:30.145+05:30 ERROR 12616 --- [AddressBookManagmentApp] [org.springframework.amqp.rabbit.RabbitListenerEndpointContainer#3-12] o.s.a.r.l.SimpleMessageListenerContainer : Failed to check/redeclare auto-delete queue(s).
2025-03-18T09:18:31.481+05:30 ERROR 12616 --- [AddressBookManagmentApp] [org.springframework.amqp.rabbit.RabbitListenerEndpointContainer#0-14] o.s.a.r.l.SimpleMessageListenerContainer : Failed to check/redeclare auto-delete queue(s).
2025-03-18T09:18:33.998+05:30 ERROR 12616 --- [AddressBookManagmentApp] [org.springframework.amqp.rabbit.RabbitListenerEndpointContainer#1-13] o.s.a.r.l.SimpleMessageListenerContainer : Failed to check/redeclare auto-delete queue(s).
2025-03-18T09:18:35.280+05:30 ERROR 12616 --- [AddressBookManagmentApp] [org.springframework.amqp.rabbit.RabbitListenerEndpointContainer#2-13] o.s.a.r.l.SimpleMessageListenerContainer : Failed to check/redeclare auto-delete queue(s).
2025-03-18T09:18:36.073+05:30 ERROR 12616 --- [AddressBookManagmentApp] [org.springframework.amqp.rabbit.RabbitListenerEndpointContainer#3-13] o.s.a.r.l.SimpleMessageListenerContainer : Failed to check/redeclare auto-delete queue(s).
2025-03-18T09:18:37.556+05:30 ERROR 12616 --- [AddressBookManagmentApp] [org.springframework.amqp.rabbit.RabbitListenerEndpointContainer#0-15] o.s.a.r.l.SimpleMessageListenerContainer : Failed to check/redeclare auto-delete queue(s).
2025-03-18T09:19:00.944+05:30 ERROR 12616 --- [AddressBookManagmentApp] [org.springframework.amqp.rabbit.RabbitListenerEndpointContainer#1-14] o.s.a.r.l.SimpleMessageListenerContainer : Failed to check/redeclare auto-delete queue(s).
2025-03-18T09:19:22.045+05:30 ERROR 12616 --- [AddressBookManagmentApp] [org.springframework.amqp.rabbit.RabbitListenerEndpointContainer#2-14] o.s.a.r.l.SimpleMessageListenerContainer : Failed to check/redeclare auto-delete queue(s).
2025-03-18T09:19:43.075+05:30 ERROR 12616 --- [AddressBookManagmentApp] [org.springframework.amqp.rabbit.RabbitListenerEndpointContainer#3-14] o.s.a.r.l.SimpleMessageListenerContainer : Failed to check/redeclare auto-delete queue(s).
2025-03-18T09:20:04.136+05:30 ERROR 12616 --- [AddressBookManagmentApp] [org.springframework.amqp.rabbit.RabbitListenerEndpointContainer#0-16] o.s.a.r.l.SimpleMessageListenerContainer : Failed to check/redeclare auto-delete queue(s).
2025-03-18T09:20:30.259+05:30  WARN 12616 --- [AddressBookManagmentApp] [org.springframework.amqp.rabbit.RabbitListenerEndpointContainer#1-14] o.s.a.r.l.SimpleMessageListenerContainer : Consumer raised exception, processing can restart if the connection factory supports it. Exception summary: org.springframework.amqp.AmqpConnectException: java.net.ConnectException: Connection timed out: getsockopt
2025-03-18T09:20:51.295+05:30  WARN 12616 --- [AddressBookManagmentApp] [org.springframework.amqp.rabbit.RabbitListenerEndpointContainer#2-14] o.s.a.r.l.SimpleMessageListenerContainer : Consumer raised exception, processing can restart if the connection factory supports it. Exception summary: org.springframework.amqp.AmqpConnectException: java.net.ConnectException: Connection timed out: getsockopt
2025-03-18T09:21:12.360+05:30  WARN 12616 --- [AddressBookManagmentApp] [org.springframework.amqp.rabbit.RabbitListenerEndpointContainer#3-14] o.s.a.r.l.SimpleMessageListenerContainer : Consumer raised exception, processing can restart if the connection factory supports it. Exception summary: org.springframework.amqp.AmqpConnectException: java.net.ConnectException: Connection timed out: getsockopt
2025-03-18T09:21:33.418+05:30  WARN 12616 --- [AddressBookManagmentApp] [org.springframework.amqp.rabbit.RabbitListenerEndpointContainer#0-16] o.s.a.r.l.SimpleMessageListenerContainer : Consumer raised exception, processing can restart if the connection factory supports it. Exception summary: org.springframework.amqp.AmqpConnectException: java.net.ConnectException: Connection timed out: getsockopt
2025-03-18T09:21:49.412+05:30 ERROR 12616 --- [AddressBookManagmentApp] [org.springframework.amqp.rabbit.RabbitListenerEndpointContainer#1-15] o.s.a.r.l.SimpleMessageListenerContainer : Failed to check/redeclare auto-delete queue(s).
2025-03-18T09:21:50.049+05:30 ERROR 12616 --- [AddressBookManagmentApp] [org.springframework.amqp.rabbit.RabbitListenerEndpointContainer#2-15] o.s.a.r.l.SimpleMessageListenerContainer : Failed to check/redeclare auto-delete queue(s).
2025-03-18T09:21:50.562+05:30 ERROR 12616 --- [AddressBookManagmentApp] [org.springframework.amqp.rabbit.RabbitListenerEndpointContainer#3-15] o.s.a.r.l.SimpleMessageListenerContainer : Failed to check/redeclare auto-delete queue(s).
2025-03-18T09:21:51.154+05:30 ERROR 12616 --- [AddressBookManagmentApp] [org.springframework.amqp.rabbit.RabbitListenerEndpointContainer#0-17] o.s.a.r.l.SimpleMessageListenerContainer : Failed to check/redeclare auto-delete queue(s).
2025-03-18T09:21:57.194+05:30 ERROR 12616 --- [AddressBookManagmentApp] [org.springframework.amqp.rabbit.RabbitListenerEndpointContainer#1-16] o.s.a.r.l.SimpleMessageListenerContainer : Failed to check/redeclare auto-delete queue(s).
2025-03-18T09:21:57.633+05:30 ERROR 12616 --- [AddressBookManagmentApp] [org.springframework.amqp.rabbit.RabbitListenerEndpointContainer#2-16] o.s.a.r.l.SimpleMessageListenerContainer : Failed to check/redeclare auto-delete queue(s).
2025-03-18T09:21:58.476+05:30 ERROR 12616 --- [AddressBookManagmentApp] [org.springframework.amqp.rabbit.RabbitListenerEndpointContainer#3-16] o.s.a.r.l.SimpleMessageListenerContainer : Failed to check/redeclare auto-delete queue(s).
2025-03-18T09:21:59.227+05:30 ERROR 12616 --- [AddressBookManagmentApp] [org.springframework.amqp.rabbit.RabbitListenerEndpointContainer#0-18] o.s.a.r.l.SimpleMessageListenerContainer : Failed to check/redeclare auto-delete queue(s).
2025-03-18T09:22:03.665+05:30 ERROR 12616 --- [AddressBookManagmentApp] [org.springframework.amqp.rabbit.RabbitListenerEndpointContainer#1-17] o.s.a.r.l.SimpleMessageListenerContainer : Failed to check/redeclare auto-delete queue(s).
2025-03-18T09:22:04.603+05:30 ERROR 12616 --- [AddressBookManagmentApp] [org.springframework.amqp.rabbit.RabbitListenerEndpointContainer#2-17] o.s.a.r.l.SimpleMessageListenerContainer : Failed to check/redeclare auto-delete queue(s).
2025-03-18T09:22:05.388+05:30 ERROR 12616 --- [AddressBookManagmentApp] [org.springframework.amqp.rabbit.RabbitListenerEndpointContainer#3-17] o.s.a.r.l.SimpleMessageListenerContainer : Failed to check/redeclare auto-delete queue(s).
2025-03-18T09:22:05.793+05:30 ERROR 12616 --- [AddressBookManagmentApp] [org.springframework.amqp.rabbit.RabbitListenerEndpointContainer#0-19] o.s.a.r.l.SimpleMessageListenerContainer : Failed to check/redeclare auto-delete queue(s).
2025-03-18T09:22:30.223+05:30 ERROR 12616 --- [AddressBookManagmentApp] [org.springframework.amqp.rabbit.RabbitListenerEndpointContainer#1-18] o.s.a.r.l.SimpleMessageListenerContainer : Failed to check/redeclare auto-delete queue(s).
2025-03-18T09:22:51.304+05:30 ERROR 12616 --- [AddressBookManagmentApp] [org.springframework.amqp.rabbit.RabbitListenerEndpointContainer#2-18] o.s.a.r.l.SimpleMessageListenerContainer : Failed to check/redeclare auto-delete queue(s).
2025-03-18T09:23:12.363+05:30 ERROR 12616 --- [AddressBookManagmentApp] [org.springframework.amqp.rabbit.RabbitListenerEndpointContainer#3-18] o.s.a.r.l.SimpleMessageListenerContainer : Failed to check/redeclare auto-delete queue(s).
2025-03-18T09:23:33.403+05:30 ERROR 12616 --- [AddressBookManagmentApp] [org.springframework.amqp.rabbit.RabbitListenerEndpointContainer#0-20] o.s.a.r.l.SimpleMessageListenerContainer : Failed to check/redeclare auto-delete queue(s).
